<?xml version="1.0" encoding="UTF-8"?>
<!-- Generated by org.testng.reporters.JUnitReportReporter -->
<testsuite hostname="DESKTOP-2BC074J" name="com.employeeApi.TestCases.TC005_DeleteEmpRecord" tests="1" failures="0" timestamp="22 Jul 2019 03:26:47 GMT" time="0.007" errors="0">
  <testcase name="checkResponseBody" time="0.007" classname="com.employeeApi.TestCases.TC005_DeleteEmpRecord"/>
</testsuite> <!-- com.employeeApi.TestCases.TC005_DeleteEmpRecord -->
