<?xml version="1.0" encoding="UTF-8"?>
<!-- Generated by org.testng.reporters.JUnitReportReporter -->
<testsuite hostname="DESKTOP-2BC074J" name="com.employeeApi.TestCases.TC001_GetAllEmployees" tests="2" failures="0" timestamp="22 Jul 2019 03:39:29 GMT" time="0.012" errors="0">
  <testcase name="CheckResponseBody" time="0.012" classname="com.employeeApi.TestCases.TC001_GetAllEmployees"/>
  <testcase name="CheckStatusCode" time="0.000" classname="com.employeeApi.TestCases.TC001_GetAllEmployees"/>
</testsuite> <!-- com.employeeApi.TestCases.TC001_GetAllEmployees -->
