<?xml version="1.0" encoding="UTF-8"?>
<!-- Generated by org.testng.reporters.JUnitReportReporter -->
<testsuite hostname="DESKTOP-2BC074J" name="com.employeeApi.TestCases.TC004_Put_EmployeeRecord" tests="1" failures="0" timestamp="18 Jul 2019 05:28:11 GMT" time="0.025" errors="0">
  <testcase name="checkResponseBody" time="0.025" classname="com.employeeApi.TestCases.TC004_Put_EmployeeRecord"/>
</testsuite> <!-- com.employeeApi.TestCases.TC004_Put_EmployeeRecord -->
